<?xml version="1.0" encoding="UTF-8"?>
<!-- Generated by org.testng.reporters.JUnitReportReporter -->
<testsuite hostname="DESKTOP-14LIAQ3" name="pageobject.loginEmail.LoginEmailTestSuit" tests="1" failures="0" timestamp="29 May 2016 17:41:51 GMT" time="15.456" errors="0">
  <testcase name="enterDataInContactForm" time="15.456" classname="pageobject.loginEmail.LoginEmailTestSuit"/>
</testsuite> <!-- pageobject.loginEmail.LoginEmailTestSuit -->
