<?xml version="1.0" encoding="UTF-8"?>
<!-- Generated by org.testng.reporters.JUnitReportReporter -->
<testsuite hostname="EPUALVIW0912" name="pageobject.buildertest.DemoTestSuit" tests="1" failures="0" timestamp="27 Nov 2017 14:20:31 GMT" time="10.321" errors="0">
  <testcase name="checkRedirectionToMenuPageAfterAddingLocationManuallyTEST" time="10.321" classname="pageobject.buildertest.DemoTestSuit"/>
</testsuite> <!-- pageobject.buildertest.DemoTestSuit -->
