<?xml version="1.0" encoding="UTF-8"?>
<!-- Generated by org.testng.reporters.JUnitReportReporter -->
<testsuite hostname="EPUALVIW0912" name="pageobject.facadetest.DemoTestSuit" tests="3" failures="0" timestamp="1 Dec 2017 17:11:30 GMT" time="39.823" errors="0">
  <testcase name="checkLogInManagerUser" time="16.575" classname="pageobject.facadetest.DemoTestSuit"/>
  <testcase name="checkLogInAdminUser" time="15.772" classname="pageobject.facadetest.DemoTestSuit"/>
  <testcase name="checkLogInShipperUser" time="7.476" classname="pageobject.facadetest.DemoTestSuit"/>
</testsuite> <!-- pageobject.facadetest.DemoTestSuit -->
