<?xml version="1.0" encoding="UTF-8"?>
<!-- Generated by org.testng.reporters.JUnitReportReporter -->
<testsuite hostname="EPUALVIW0912" name="pageobject.facadetest.DemoTestSuit" tests="3" failures="0" timestamp="23 Nov 2017 17:07:59 GMT" time="22.450" errors="0">
  <testcase name="checkLogInAdminUser" time="7.611" classname="pageobject.facadetest.DemoTestSuit"/>
  <testcase name="checkLogInManagerUser" time="8.457" classname="pageobject.facadetest.DemoTestSuit"/>
  <testcase name="checkLogInShipperUser" time="6.382" classname="pageobject.facadetest.DemoTestSuit"/>
</testsuite> <!-- pageobject.facadetest.DemoTestSuit -->
