<?xml version="1.0" encoding="UTF-8"?>
<!-- Generated by org.testng.reporters.JUnitReportReporter -->
<testsuite hostname="EPUALVIW0912" name="pageobject.strategytest.DemoTestSuit" tests="2" failures="0" timestamp="1 Dec 2017 17:11:30 GMT" time="15.142" errors="0">
  <testcase name="checkRedirectionToMenuPageAfterAddingLocationManually" time="6.970" classname="pageobject.strategytest.DemoTestSuit"/>
  <testcase name="checkRedirectionToMenuPageAfterAddingLocationAutomatically" time="8.172" classname="pageobject.strategytest.DemoTestSuit"/>
</testsuite> <!-- pageobject.strategytest.DemoTestSuit -->
